
> build
> next build

   ▲ Next.js 15.4.3
   - Environments: .env.local

   Creating an optimized production build ...
 ✓ Compiled successfully in 2000ms
   Skipping linting
   Checking validity of types ...
   Collecting page data ...
   Generating static pages (0/27) ...
   Generating static pages (6/27) 
Error occurred prerendering page "/jobs". Read more: https://nextjs.org/docs/messages/prerender-error
Error: @supabase/ssr: Your project's URL and API key are required to create a Supabase client!

Check your Supabase project's API settings to find these values

https://supabase.com/dashboard/project/_/settings/api
    at <unknown> (https://supabase.com/dashboard/project/_/settings/api)
    at bU (.next/server/chunks/276.js:13:86311)
    at e (.next/server/app/customers/page.js:1:4405)
    at j (.next/server/app/customers/page.js:2:12608) {
  digest: '1600169344'
}
Export encountered an error on /jobs/page: /jobs, exiting the build.
 ⨯ Next.js build worker exited with code: 1 and signal: null
